<?xml version="1.0" encoding="UTF-8"?>
<testsuites errors="0" failures="0" tests="0" name="myproject_windows.exe-Results.xml"> 
  <testsuite errors="0" failures="0" tests="15" name="osapi"> 
        <testcase classname="CUnit.osapi" name="TEST_ThreadName" time="0"/>
        <testcase classname="CUnit.osapi" name="TEST_ThreadCreation" time="0"/>
        <testcase classname="CUnit.osapi" name="TEST_ThreadJoin" time="0">
            <failure message="true == t.isRunning()" type="Failure">
                     Condition: true == t.isRunning()
                     File     : C:/Users/Radek/Desktop/osfesWin/osapi_test/test_02_thread_join.cpp
                     Line     : 36
                     Condition: true == t.isJoinable()
                     File     : C:/Users/Radek/Desktop/osfesWin/osapi_test/test_02_thread_join.cpp
                     Line     : 38
                     Condition: true == t.join(5000)
                     File     : C:/Users/Radek/Desktop/osfesWin/osapi_test/test_02_thread_join.cpp
                     Line     : 45
            </failure>
        </testcase>
        <testcase classname="CUnit.osapi" name="TEST_ThreadSuspendResume" time="0">
            <failure message="true == t.suspend()" type="Failure">
                     Condition: true == t.suspend()
                     File     : C:/Users/Radek/Desktop/osfesWin/osapi_test/test_03_thread_suspend_resume.cpp
                     Line     : 36
                     Condition: 0 == testFlag
                     File     : C:/Users/Radek/Desktop/osfesWin/osapi_test/test_03_thread_suspend_resume.cpp
                     Line     : 40
                     Condition: true == t.resume()
                     File     : C:/Users/Radek/Desktop/osfesWin/osapi_test/test_03_thread_suspend_resume.cpp
                     Line     : 42
                     Condition: true == t.join(1000)
                     File     : C:/Users/Radek/Desktop/osfesWin/osapi_test/test_03_thread_suspend_resume.cpp
                     Line     : 49
            </failure>
        </testcase>
        <testcase classname="CUnit.osapi" name="TEST_Th